<?xml version="1.0" encoding="UTF-8"?>
<!-- Generated by org.testng.reporters.JUnitReportReporter -->
<testsuite hostname="DESKTOP-9H79G5J" failures="0" tests="1" name="com.amazon.Amazon" time="3.110" errors="0" timestamp="19 Dec 2021 05:05:07 GMT" skipped="0">
  <testcase classname="com.amazon.Amazon" name="TestClass" time="3.110"/>
</testsuite> <!-- com.amazon.Amazon -->
