<?xml version="1.0" encoding="UTF-8"?>
<!-- Generated by org.testng.reporters.JUnitReportReporter -->
<testsuite hostname="DESKTOP-9H79G5J" failures="0" tests="1" name="com.insta.Instagram" time="48.116" errors="0" timestamp="15 Dec 2021 06:26:02 GMT" skipped="0">
  <testcase classname="com.insta.Instagram" name="instaGram" time="48.116"/>
</testsuite> <!-- com.insta.Instagram -->
