<?xml version="1.0" encoding="UTF-8"?>
<!-- Generated by org.testng.reporters.JUnitReportReporter -->
<testsuite hostname="DESKTOP-9H79G5J" failures="0" tests="1" name="com.amazon.Amazon1" time="3.066" errors="0" timestamp="17 Dec 2021 14:22:58 GMT" skipped="0">
  <testcase classname="com.amazon.Amazon1" name="TestClass" time="3.066"/>
</testsuite> <!-- com.amazon.Amazon1 -->
