<?xml version="1.0" encoding="UTF-8"?>
<!-- Generated by org.testng.reporters.JUnitReportReporter -->
<testsuite hostname="DESKTOP-9H79G5J" failures="0" tests="1" name="Flipkart" time="19.457" errors="0" timestamp="13 Dec 2021 14:29:52 GMT" skipped="0">
  <testcase classname="Flipkart" name="testClass" time="19.457"/>
</testsuite> <!-- Flipkart -->
