<?xml version="1.0" encoding="UTF-8"?>
<!-- Generated by org.testng.reporters.JUnitReportReporter -->
<testsuite hostname="DESKTOP-9H79G5J" failures="0" tests="1" name="com.browser.Login" time="7.787" errors="0" timestamp="13 Dec 2021 13:30:40 GMT" skipped="0">
  <testcase classname="com.browser.Login" name="login" time="7.787"/>
</testsuite> <!-- com.browser.Login -->
