<?xml version="1.0" encoding="UTF-8"?>
<!-- Generated by org.testng.reporters.JUnitReportReporter -->
<testsuite hostname="DESKTOP-9H79G5J" failures="0" tests="1" name="com.amazon.Google" time="5.218" errors="0" timestamp="20 Dec 2021 09:20:02 GMT" skipped="0">
  <testcase classname="com.amazon.Google" name="TestClass" time="5.218"/>
</testsuite> <!-- com.amazon.Google -->
