<?xml version="1.0" encoding="UTF-8"?>
<!-- Generated by org.testng.reporters.JUnitReportReporter -->
<testsuite hostname="DESKTOP-9H79G5J" failures="0" tests="1" name="org.flipkart.Flipkart" time="19.337" errors="0" timestamp="14 Dec 2021 08:39:24 GMT" skipped="0">
  <testcase classname="org.flipkart.Flipkart" name="testClass" time="19.337"/>
</testsuite> <!-- org.flipkart.Flipkart -->
